0 verbose cli D:\VScode\Node.js\node.exe D:\VScode\Node.js\node_modules\npm\bin\npm-cli.js
1 info using npm@10.9.2
2 info using node@v22.17.1
3 silly config load:file:D:\VScode\Node.js\node_modules\npm\npmrc
4 silly config load:file:E:\cursor\校园活动管理系统\.npmrc
5 silly config load:file:C:\Users\ASUS\.npmrc
6 silly config load:file:D:\VScode\Node.js\etc\npmrc
7 verbose title npm run dev
8 verbose argv "run" "dev"
9 verbose logfile logs-max:10 dir:E:\cursor\校园活动管理系统\.npm-cache\_logs\2025-11-11T06_29_12_708Z-
10 verbose logfile E:\cursor\校园活动管理系统\.npm-cache\_logs\2025-11-11T06_29_12_708Z-debug-0.log
11 silly logfile done cleaning log files
12 verbose stack Error: Could not read package.json: Error: ENOENT: no such file or directory, open 'E:\cursor\校园活动管理系统\package.json'
12 verbose stack     at async open (node:internal/fs/promises:639:25)
12 verbose stack     at async readFile (node:internal/fs/promises:1243:14)
12 verbose stack     at async read (D:\VScode\Node.js\node_modules\npm\node_modules\@npmcli\package-json\lib\read-package.js:9:18)
12 verbose stack     at async PackageJson.load (D:\VScode\Node.js\node_modules\npm\node_modules\@npmcli\package-json\lib\index.js:131:31)
12 verbose stack     at async PackageJson.normalize (D:\VScode\Node.js\node_modules\npm\node_modules\@npmcli\package-json\lib\index.js:117:5)
12 verbose stack     at async #run (D:\VScode\Node.js\node_modules\npm\lib\commands\run-script.js:86:13)
12 verbose stack     at async RunScript.exec (D:\VScode\Node.js\node_modules\npm\lib\commands\run-script.js:40:7)
12 verbose stack     at async Npm.exec (D:\VScode\Node.js\node_modules\npm\lib\npm.js:207:9)
12 verbose stack     at async module.exports (D:\VScode\Node.js\node_modules\npm\lib\cli\entry.js:74:5)
13 error code ENOENT
14 error syscall open
15 error path E:\cursor\校园活动管理系统\package.json
16 error errno -4058
17 error enoent Could not read package.json: Error: ENOENT: no such file or directory, open 'E:\cursor\校园活动管理系统\package.json'
18 error enoent This is related to npm not being able to find a file.
18 error enoent
19 verbose cwd E:\cursor\校园活动管理系统
20 verbose os Windows_NT 10.0.26100
21 verbose node v22.17.1
22 verbose npm  v10.9.2
23 verbose exit -4058
24 verbose code -4058
25 error A complete log of this run can be found in: E:\cursor\校园活动管理系统\.npm-cache\_logs\2025-11-11T06_29_12_708Z-debug-0.log
